[debug] > Exec(early(addDefaultCommands), None, None)
[debug] > Exec(addDefaultCommands, None, None)
[debug] > Exec(early(initialize), None, None)
[debug] > Exec(initialize, None, None)
[debug] > Exec(early(addPluginSbtFile="""C:\Users\Lera\AppData\Local\Temp\idea1.sbt"""), None, None)
[debug] > Exec(addPluginSbtFile="""C:\Users\Lera\AppData\Local\Temp\idea1.sbt""", None, None)
[debug] > Exec(boot, None, None)
[debug] > Exec(writeSbtVersion, None, None)
[debug] > Exec(reload, None, None)
[debug] > Exec(sbtStashOnFailure, None, None)
[debug] > Exec(onFailure loadFailed, None, None)
[debug] > Exec(loadp, None, None)
[info] welcome to sbt 1.10.3 (Oracle Corporation Java 21.0.1)
[debug] Load.defaultLoad until apply took 126.6274ms
[debug]           Load.loadUnit: plugins took 129.0382ms
[debug]           Load.loadUnit: defsScala took 0.4228ms
[debug] [Loading] Scanning directory D:\Code_projects\Publication_system\backend\project
[debug]             Load.loadUnit: mkEval took 9.1277ms
[debug] [Loading] Found non-root projects 
[debug] [Loading] Done in D:\Code_projects\Publication_system\backend\project, returning: ()
[debug] deducing auto plugins based on known facts Set(Atom(sbt.plugins.CorePlugin)) and clauses Clauses(Clause(Atom(sbt.plugins.JvmPlugin),Set(Atom(sbt.plugins.IvyPlugin)))
[debug] Clause(Atom(sbt.ScriptedPlugin),Set(Atom(sbt.plugins.JvmPlugin)))
[debug] Clause(Atom(sbt.plugins.SbtPlugin),Set(Atom(sbt.ScriptedPlugin)))
[debug] Clause(Atom(sbt.plugins.SemanticdbPlugin),Set(Atom(sbt.plugins.JvmPlugin)))
[debug] Clause(Atom(sbt.plugins.JUnitXmlReportPlugin),Set(Atom(sbt.plugins.JvmPlugin)))
[debug] Clause(Atom(sbt.plugins.MiniDependencyTreePlugin),Set(Atom(sbt.plugins.JvmPlugin)))
[debug] Clause(Atom(sbt.plugins.CorePlugin),Set(Atom(sbt.plugins.IvyPlugin)))
[debug] Clause(Atom(sbt.plugins.IvyPlugin),Set(Atom(sbt.plugins.JvmPlugin)))
[debug] Clause(Atom(sbt.plugins.JvmPlugin),Set(Atom(sbt.plugins.SemanticdbPlugin)))
[debug] Clause(Atom(sbt.plugins.JvmPlugin),Set(Atom(sbt.plugins.JUnitXmlReportPlugin)))
[debug] Clause(Atom(sbt.plugins.CorePlugin),Set(Atom(sbt.plugins.Giter8TemplatePlugin)))
[debug] Clause(Atom(sbt.plugins.JvmPlugin),Set(Atom(sbt.plugins.MiniDependencyTreePlugin))))
[debug]   :: deduced result: Matched(sbt.plugins.CorePlugin,sbt.plugins.Giter8TemplatePlugin,sbt.plugins.IvyPlugin,sbt.plugins.JvmPlugin,sbt.plugins.MiniDependencyTreePlugin,sbt.plugins.JUnitXmlReportPlugin,sbt.plugins.SemanticdbPlugin)
[debug] Plugins.deducer#function took 16.5627 ms
[info] loading settings for project backend-build from idea1.sbt ...
[debug]               Load.resolveProject(backend-build) took 40.8405ms
[debug]             Load.loadTransitive: finalizeProject(Project(id backend-build, base: D:\Code_projects\Publication_system\backend\project, plugins: List(<none>))) took 76.4784ms
[debug] [Loading] Done in D:\Code_projects\Publication_system\backend\project, returning: (backend-build)
[debug]           Load.loadUnit: loadedProjectsRaw took 461.5109ms
[debug]           Load.loadUnit: cleanEvalClasses took 14.2024ms
[debug]         Load.loadUnit(file:/D:/Code_projects/Publication_system/backend/project/, ...) took 613.4712ms
[debug]       Load.apply: load took 770.614699ms
[debug]       Load.apply: resolveProjects took 5.374499ms
[debug]       Load.apply: finalTransforms took 68.9202ms
[debug]       Load.apply: config.delegates took 7.637ms
[debug]       Load.apply: Def.make(settings)... took 515.8231ms
[debug]       Load.apply: structureIndex took 138.5743ms
[debug]       Load.apply: mkStreams took 1.6756ms
[info] loading project definition from D:\Code_projects\Publication_system\backend\project
[debug] Running task... Cancel: Signal, check cycles: false, forcegc: true
[debug]     Load.loadUnit: plugins took 3224.214299ms
[debug]     Load.loadUnit: defsScala took 0.0049ms
[debug] [Loading] Scanning directory D:\Code_projects\Publication_system\backend
[debug]       Load.loadUnit: mkEval took 0.478099ms
[debug] [Loading] Found root project root w/ remaining 
[debug] deducing auto plugins based on known facts Set(Atom(sbt.plugins.CorePlugin)) and clauses Clauses(Clause(Atom(sbt.plugins.JvmPlugin),Set(Atom(sbt.plugins.IvyPlugin)))
[debug] Clause(Atom(sbt.ScriptedPlugin),Set(Atom(sbt.plugins.JvmPlugin)))
[debug] Clause(Atom(sbt.plugins.SbtPlugin),Set(Atom(sbt.ScriptedPlugin)))
[debug] Clause(Atom(sbt.plugins.SemanticdbPlugin),Set(Atom(sbt.plugins.JvmPlugin)))
[debug] Clause(Atom(sbt.plugins.JUnitXmlReportPlugin),Set(Atom(sbt.plugins.JvmPlugin)))
[debug] Clause(Atom(sbt.plugins.MiniDependencyTreePlugin),Set(Atom(sbt.plugins.JvmPlugin)))
[debug] Clause(Atom(org.jetbrains.sbt.StructurePlugin),Set(Atom(sbt.plugins.JvmPlugin)))
[debug] Clause(Atom(org.jetbrains.sbt.IdeaShellPlugin),Set(Atom(sbt.plugins.JvmPlugin)))
[debug] Clause(Atom(sbt.plugins.CorePlugin),Set(Atom(sbt.plugins.IvyPlugin)))
[debug] Clause(Atom(sbt.plugins.IvyPlugin),Set(Atom(sbt.plugins.JvmPlugin)))
[debug] Clause(Atom(sbt.plugins.JvmPlugin),Set(Atom(sbt.plugins.SemanticdbPlugin)))
[debug] Clause(Atom(sbt.plugins.JvmPlugin),Set(Atom(sbt.plugins.JUnitXmlReportPlugin)))
[debug] Clause(Atom(sbt.plugins.CorePlugin),Set(Atom(sbt.plugins.Giter8TemplatePlugin)))
[debug] Clause(Atom(sbt.plugins.JvmPlugin),Set(Atom(sbt.plugins.MiniDependencyTreePlugin)))
[debug] Clause(Atom(sbt.plugins.JvmPlugin),Set(Atom(org.jetbrains.sbt.StructurePlugin)))
[debug] Clause(Atom(sbt.plugins.JvmPlugin),Set(Atom(org.jetbrains.sbt.IdeaShellPlugin))))
[debug]   :: deduced result: Matched(sbt.plugins.CorePlugin,sbt.plugins.Giter8TemplatePlugin,sbt.plugins.IvyPlugin,sbt.plugins.JvmPlugin,sbt.plugins.SemanticdbPlugin,sbt.plugins.JUnitXmlReportPlugin,org.jetbrains.sbt.IdeaShellPlugin,org.jetbrains.sbt.StructurePlugin,sbt.plugins.MiniDependencyTreePlugin)
[debug] Plugins.deducer#function took 2.859 ms
[info] loading settings for project root from build.sbt ...
[debug]         Load.resolveProject(root) took 22.9682ms
[debug]       Load.loadTransitive: finalizeProject(Project(id root, base: D:\Code_projects\Publication_system\backend, plugins: List(<none>))) took 27.057299ms
[debug] [Loading] Done in D:\Code_projects\Publication_system\backend, returning: (root)
[debug]     Load.loadUnit: loadedProjectsRaw took 3945.125401ms
[debug]     Load.loadUnit: cleanEvalClasses took 24.9472ms
[debug]   Load.loadUnit(file:/D:/Code_projects/Publication_system/backend/, ...) took 7196.8762ms
[debug] Load.apply: load took 7223.157701ms
[debug] Load.apply: resolveProjects took 0.1755ms
[debug] Load.apply: finalTransforms took 41.826101ms
[debug] Load.apply: config.delegates took 0.664199ms
[debug] Load.apply: Def.make(settings)... took 119.2354ms
[debug] Load.apply: structureIndex took 52.033699ms
[debug] Load.apply: mkStreams took 0.003501ms
[info] set current project to publicationtracker (in build file:/D:/Code_projects/Publication_system/backend/)
[debug] > Exec(sbtPopOnFailure, None, None)
[debug] > Exec(resumeFromFailure, None, None)
[debug] > Exec(notifyUsersAboutShell, None, None)
[debug] > Exec(iflast shell, None, None)
[debug] > Exec(idea-shell, None, None)
