[0m[[0m[0mdebug[0m] [0m[0m> Exec(frontendInstall, Some(0a0608cc-bc69-4384-a763-3631177c58d7), Some(CommandSource(console0)))[0m
[0m[[0m[0mdebug[0m] [0m[0mEvaluating tasks: frontendInstall[0m
[0m[[0m[0mdebug[0m] [0m[0mRunning task... Cancel: Signal, check cycles: false, forcegc: true[0m
[0m[[0m[0minfo[0m] [0m[0mInstalling frontend dependencies...[0m
[0m[[0m[31merror[0m] [0m[0mjava.io.IOException: Cannot run program "npm" (in directory "D:\Code_projects\Publication_system\backend\..\frontend"): CreateProcess error=2, Не удается найти указанный файл[0m
[0m[[0m[31merror[0m] [0m[0m	at java.base/java.lang.ProcessBuilder.start(ProcessBuilder.java:1170)[0m
[0m[[0m[31merror[0m] [0m[0m	at java.base/java.lang.ProcessBuilder.start(ProcessBuilder.java:1089)[0m
[0m[[0m[31merror[0m] [0m[0m	at scala.sys.process.ProcessBuilderImpl$Simple.run(ProcessBuilderImpl.scala:75)[0m
[0m[[0m[31merror[0m] [0m[0m	at scala.sys.process.ProcessBuilderImpl$AbstractBuilder.run(ProcessBuilderImpl.scala:104)[0m
[0m[[0m[31merror[0m] [0m[0m	at scala.sys.process.ProcessBuilderImpl$AbstractBuilder.$bang(ProcessBuilderImpl.scala:118)[0m
[0m[[0m[31merror[0m] [0m[0m	at $d8675405e5f8f0f20fb3$.$anonfun$root$4(build.sbt:61)[0m
[0m[[0m[31merror[0m] [0m[0m	at $d8675405e5f8f0f20fb3$.$anonfun$root$4$adapted(build.sbt:57)[0m
[0m[[0m[31merror[0m] [0m[0m	at scala.Function1.$anonfun$compose$1(Function1.scala:49)[0m
[0m[[0m[31merror[0m] [0m[0m	at sbt.internal.util.$tilde$greater.$anonfun$$u2219$1(TypeFunctions.scala:63)[0m
[0m[[0m[31merror[0m] [0m[0m	at sbt.std.Transform$$anon$4.work(Transform.scala:69)[0m
[0m[[0m[31merror[0m] [0m[0m	at sbt.Execute.$anonfun$submit$2(Execute.scala:283)[0m
[0m[[0m[31merror[0m] [0m[0m	at sbt.internal.util.ErrorHandling$.wideConvert(ErrorHandling.scala:24)[0m
[0m[[0m[31merror[0m] [0m[0m	at sbt.Execute.work(Execute.scala:292)[0m
[0m[[0m[31merror[0m] [0m[0m	at sbt.Execute.$anonfun$submit$1(Execute.scala:283)[0m
[0m[[0m[31merror[0m] [0m[0m	at sbt.ConcurrentRestrictions$$anon$4.$anonfun$submitValid$1(ConcurrentRestrictions.scala:265)[0m
[0m[[0m[31merror[0m] [0m[0m	at sbt.CompletionService$$anon$2.call(CompletionService.scala:65)[0m
[0m[[0m[31merror[0m] [0m[0m	at java.base/java.util.concurrent.FutureTask.run(FutureTask.java:317)[0m
[0m[[0m[31merror[0m] [0m[0m	at java.base/java.util.concurrent.Executors$RunnableAdapter.call(Executors.java:572)[0m
[0m[[0m[31merror[0m] [0m[0m	at java.base/java.util.concurrent.FutureTask.run(FutureTask.java:317)[0m
[0m[[0m[31merror[0m] [0m[0m	at java.base/java.util.concurrent.ThreadPoolExecutor.runWorker(ThreadPoolExecutor.java:1144)[0m
[0m[[0m[31merror[0m] [0m[0m	at java.base/java.util.concurrent.ThreadPoolExecutor$Worker.run(ThreadPoolExecutor.java:642)[0m
[0m[[0m[31merror[0m] [0m[0m	at java.base/java.lang.Thread.run(Thread.java:1570)[0m
[0m[[0m[31merror[0m] [0m[0mCaused by: java.io.IOException: CreateProcess error=2, Не удается найти указанный файл[0m
[0m[[0m[31merror[0m] [0m[0m	at java.base/java.lang.ProcessImpl.create(Native Method)[0m
[0m[[0m[31merror[0m] [0m[0m	at java.base/java.lang.ProcessImpl.<init>(ProcessImpl.java:500)[0m
[0m[[0m[31merror[0m] [0m[0m	at java.base/java.lang.ProcessImpl.start(ProcessImpl.java:159)[0m
[0m[[0m[31merror[0m] [0m[0m	at java.base/java.lang.ProcessBuilder.start(ProcessBuilder.java:1126)[0m
[0m[[0m[31merror[0m] [0m[0m	at java.base/java.lang.ProcessBuilder.start(ProcessBuilder.java:1089)[0m
[0m[[0m[31merror[0m] [0m[0m	at scala.sys.process.ProcessBuilderImpl$Simple.run(ProcessBuilderImpl.scala:75)[0m
[0m[[0m[31merror[0m] [0m[0m	at scala.sys.process.ProcessBuilderImpl$AbstractBuilder.run(ProcessBuilderImpl.scala:104)[0m
[0m[[0m[31merror[0m] [0m[0m	at scala.sys.process.ProcessBuilderImpl$AbstractBuilder.$bang(ProcessBuilderImpl.scala:118)[0m
[0m[[0m[31merror[0m] [0m[0m	at $d8675405e5f8f0f20fb3$.$anonfun$root$4(build.sbt:61)[0m
[0m[[0m[31merror[0m] [0m[0m	at $d8675405e5f8f0f20fb3$.$anonfun$root$4$adapted(build.sbt:57)[0m
[0m[[0m[31merror[0m] [0m[0m	at scala.Function1.$anonfun$compose$1(Function1.scala:49)[0m
[0m[[0m[31merror[0m] [0m[0m	at sbt.internal.util.$tilde$greater.$anonfun$$u2219$1(TypeFunctions.scala:63)[0m
[0m[[0m[31merror[0m] [0m[0m	at sbt.std.Transform$$anon$4.work(Transform.scala:69)[0m
[0m[[0m[31merror[0m] [0m[0m	at sbt.Execute.$anonfun$submit$2(Execute.scala:283)[0m
[0m[[0m[31merror[0m] [0m[0m	at sbt.internal.util.ErrorHandling$.wideConvert(ErrorHandling.scala:24)[0m
[0m[[0m[31merror[0m] [0m[0m	at sbt.Execute.work(Execute.scala:292)[0m
[0m[[0m[31merror[0m] [0m[0m	at sbt.Execute.$anonfun$submit$1(Execute.scala:283)[0m
[0m[[0m[31merror[0m] [0m[0m	at sbt.ConcurrentRestrictions$$anon$4.$anonfun$submitValid$1(ConcurrentRestrictions.scala:265)[0m
[0m[[0m[31merror[0m] [0m[0m	at sbt.CompletionService$$anon$2.call(CompletionService.scala:65)[0m
[0m[[0m[31merror[0m] [0m[0m	at java.base/java.util.concurrent.FutureTask.run(FutureTask.java:317)[0m
[0m[[0m[31merror[0m] [0m[0m	at java.base/java.util.concurrent.Executors$RunnableAdapter.call(Executors.java:572)[0m
[0m[[0m[31merror[0m] [0m[0m	at java.base/java.util.concurrent.FutureTask.run(FutureTask.java:317)[0m
[0m[[0m[31merror[0m] [0m[0m	at java.base/java.util.concurrent.ThreadPoolExecutor.runWorker(ThreadPoolExecutor.java:1144)[0m
[0m[[0m[31merror[0m] [0m[0m	at java.base/java.util.concurrent.ThreadPoolExecutor$Worker.run(ThreadPoolExecutor.java:642)[0m
[0m[[0m[31merror[0m] [0m[0m	at java.base/java.lang.Thread.run(Thread.java:1570)[0m
[0m[[0m[31merror[0m] [0m[0m([31mfrontendInstall[0m) java.io.IOException: Cannot run program "npm" (in directory "D:\Code_projects\Publication_system\backend\..\frontend"): CreateProcess error=2, Не удается найти указанный файл[0m
[0m[[0m[31merror[0m] [0m[0mTotal time: 0 s, completed 11 июн. 2025 г., 17:22:25[0m
[0m[[0m[0mdebug[0m] [0m[0m> Exec(shell, None, None)[0m
