[debug] > Exec(early(addDefaultCommands), None, None)
[debug] > Exec(addDefaultCommands, None, None)
[debug] > Exec(early(initialize), None, None)
[debug] > Exec(initialize, None, None)
[debug] > Exec(early(addPluginSbtFile="""C:\Users\Lera\AppData\Local\Temp\idea.sbt"""), None, None)
[debug] > Exec(addPluginSbtFile="""C:\Users\Lera\AppData\Local\Temp\idea.sbt""", None, None)
[debug] > Exec(boot, None, None)
[debug] > Exec(writeSbtVersion, None, None)
[debug] > Exec(reload, None, None)
[debug] > Exec(sbtStashOnFailure, None, None)
[debug] > Exec(onFailure loadFailed, None, None)
[debug] > Exec(loadp, None, None)
[info] welcome to sbt 1.10.3 (Oracle Corporation Java 21.0.1)
[debug] Load.defaultLoad until apply took 115.046ms
[debug]           Load.loadUnit: plugins took 116.8056ms
[debug]           Load.loadUnit: defsScala took 0.4204ms
[debug] [Loading] Scanning directory D:\Code_projects\Publication_system\backend\project
[debug]             Load.loadUnit: mkEval took 10.1937ms
[debug] [Loading] Found non-root projects 
[debug] [Loading] Done in D:\Code_projects\Publication_system\backend\project, returning: ()
[debug] deducing auto plugins based on known facts Set(Atom(sbt.plugins.CorePlugin)) and clauses Clauses(Clause(Atom(sbt.plugins.JvmPlugin),Set(Atom(sbt.plugins.IvyPlugin)))
[debug] Clause(Atom(sbt.ScriptedPlugin),Set(Atom(sbt.plugins.JvmPlugin)))
[debug] Clause(Atom(sbt.plugins.SbtPlugin),Set(Atom(sbt.ScriptedPlugin)))
[debug] Clause(Atom(sbt.plugins.SemanticdbPlugin),Set(Atom(sbt.plugins.JvmPlugin)))
[debug] Clause(Atom(sbt.plugins.JUnitXmlReportPlugin),Set(Atom(sbt.plugins.JvmPlugin)))
[debug] Clause(Atom(sbt.plugins.MiniDependencyTreePlugin),Set(Atom(sbt.plugins.JvmPlugin)))
[debug] Clause(Atom(sbt.plugins.CorePlugin),Set(Atom(sbt.plugins.IvyPlugin)))
[debug] Clause(Atom(sbt.plugins.IvyPlugin),Set(Atom(sbt.plugins.JvmPlugin)))
[debug] Clause(Atom(sbt.plugins.JvmPlugin),Set(Atom(sbt.plugins.SemanticdbPlugin)))
[debug] Clause(Atom(sbt.plugins.JvmPlugin),Set(Atom(sbt.plugins.JUnitXmlReportPlugin)))
[debug] Clause(Atom(sbt.plugins.CorePlugin),Set(Atom(sbt.plugins.Giter8TemplatePlugin)))
[debug] Clause(Atom(sbt.plugins.JvmPlugin),Set(Atom(sbt.plugins.MiniDependencyTreePlugin))))
[debug]   :: deduced result: Matched(sbt.plugins.CorePlugin,sbt.plugins.Giter8TemplatePlugin,sbt.plugins.IvyPlugin,sbt.plugins.JvmPlugin,sbt.plugins.MiniDependencyTreePlugin,sbt.plugins.JUnitXmlReportPlugin,sbt.plugins.SemanticdbPlugin)
[debug] Plugins.deducer#function took 15.1683 ms
[info] loading settings for project backend-build from idea.sbt ...
[debug]               Load.resolveProject(backend-build) took 38.124ms
[debug]             Load.loadTransitive: finalizeProject(Project(id backend-build, base: D:\Code_projects\Publication_system\backend\project, plugins: List(<none>))) took 61.433ms
[debug] [Loading] Done in D:\Code_projects\Publication_system\backend\project, returning: (backend-build)
[debug]           Load.loadUnit: loadedProjectsRaw took 3170.6987ms
[debug]           Load.loadUnit: cleanEvalClasses took 12.0243ms
[debug]         Load.loadUnit(file:/D:/Code_projects/Publication_system/backend/project/, ...) took 3308.0195ms
[debug]       Load.apply: load took 3477.0583ms
[debug]       Load.apply: resolveProjects took 7.8441ms
[debug]       Load.apply: finalTransforms took 79.8797ms
[debug]       Load.apply: config.delegates took 11.7236ms
[debug]       Load.apply: Def.make(settings)... took 430.0964ms
[debug]       Load.apply: structureIndex took 115.7044ms
[debug]       Load.apply: mkStreams took 1.2439ms
[info] loading project definition from D:\Code_projects\Publication_system\backend\project
[debug] Running task... Cancel: Signal, check cycles: false, forcegc: true
[debug]     Load.loadUnit: plugins took 5827.8289ms
[debug]     Load.loadUnit: defsScala took 0.0036ms
[debug] [Loading] Scanning directory D:\Code_projects\Publication_system\backend
[debug]       Load.loadUnit: mkEval took 0.3888ms
[debug] [Loading] Found root project root w/ remaining 
[debug] deducing auto plugins based on known facts Set(Atom(sbt.plugins.CorePlugin)) and clauses Clauses(Clause(Atom(sbt.plugins.JvmPlugin),Set(Atom(sbt.plugins.IvyPlugin)))
[debug] Clause(Atom(sbt.ScriptedPlugin),Set(Atom(sbt.plugins.JvmPlugin)))
[debug] Clause(Atom(sbt.plugins.SbtPlugin),Set(Atom(sbt.ScriptedPlugin)))
[debug] Clause(Atom(sbt.plugins.SemanticdbPlugin),Set(Atom(sbt.plugins.JvmPlugin)))
[debug] Clause(Atom(sbt.plugins.JUnitXmlReportPlugin),Set(Atom(sbt.plugins.JvmPlugin)))
[debug] Clause(Atom(sbt.plugins.MiniDependencyTreePlugin),Set(Atom(sbt.plugins.JvmPlugin)))
[debug] Clause(Atom(org.jetbrains.sbt.StructurePlugin),Set(Atom(sbt.plugins.JvmPlugin)))
[debug] Clause(Atom(org.jetbrains.sbt.IdeaShellPlugin),Set(Atom(sbt.plugins.JvmPlugin)))
[debug] Clause(Atom(sbt.plugins.CorePlugin),Set(Atom(sbt.plugins.IvyPlugin)))
[debug] Clause(Atom(sbt.plugins.IvyPlugin),Set(Atom(sbt.plugins.JvmPlugin)))
[debug] Clause(Atom(sbt.plugins.JvmPlugin),Set(Atom(sbt.plugins.SemanticdbPlugin)))
[debug] Clause(Atom(sbt.plugins.JvmPlugin),Set(Atom(sbt.plugins.JUnitXmlReportPlugin)))
[debug] Clause(Atom(sbt.plugins.CorePlugin),Set(Atom(sbt.plugins.Giter8TemplatePlugin)))
[debug] Clause(Atom(sbt.plugins.JvmPlugin),Set(Atom(sbt.plugins.MiniDependencyTreePlugin)))
[debug] Clause(Atom(sbt.plugins.JvmPlugin),Set(Atom(org.jetbrains.sbt.StructurePlugin)))
[debug] Clause(Atom(sbt.plugins.JvmPlugin),Set(Atom(org.jetbrains.sbt.IdeaShellPlugin))))
[debug]   :: deduced result: Matched(sbt.plugins.CorePlugin,sbt.plugins.Giter8TemplatePlugin,sbt.plugins.IvyPlugin,sbt.plugins.JvmPlugin,sbt.plugins.SemanticdbPlugin,sbt.plugins.JUnitXmlReportPlugin,org.jetbrains.sbt.IdeaShellPlugin,org.jetbrains.sbt.StructurePlugin,sbt.plugins.MiniDependencyTreePlugin)
[debug] Plugins.deducer#function took 4.6535 ms
[info] loading settings for project root from build.sbt ...
[debug]         Load.resolveProject(root) took 73.4334ms
[debug]       Load.loadTransitive: finalizeProject(Project(id root, base: D:\Code_projects\Publication_system\backend, plugins: List(<none>))) took 80.0848ms
[debug] [Loading] Done in D:\Code_projects\Publication_system\backend, returning: (root)
[debug]     Load.loadUnit: loadedProjectsRaw took 3713.3087ms
[debug]     Load.loadUnit: cleanEvalClasses took 36.0984ms
[debug]   Load.loadUnit(file:/D:/Code_projects/Publication_system/backend/, ...) took 9579.658ms
[debug] Load.apply: load took 9606.5269ms
[debug] Load.apply: resolveProjects took 0.1982ms
[debug] Load.apply: finalTransforms took 39.3992ms
[debug] Load.apply: config.delegates took 0.5308ms
[debug] Load.apply: Def.make(settings)... took 128.2722ms
[debug] Load.apply: structureIndex took 62.2574ms
[debug] Load.apply: mkStreams took 0.0028ms
[info] set current project to publicationtracker (in build file:/D:/Code_projects/Publication_system/backend/)
[debug] > Exec(sbtPopOnFailure, None, None)
[debug] > Exec(resumeFromFailure, None, None)
[debug] > Exec(notifyUsersAboutShell, None, None)
[debug] > Exec(iflast shell, None, None)
[debug] > Exec(idea-shell, None, None)
